[debug] [2022-12-02T12:53:59.066Z] ----------------------------------------------------------------------
[debug] [2022-12-02T12:53:59.069Z] Command:       G:\Program Files\nodejs\node.exe G:\Users\sifat\AppData\Roaming\npm\node_modules\firebase-tools\lib\bin\firebase.js deploy
[debug] [2022-12-02T12:53:59.070Z] CLI Version:   11.16.1
[debug] [2022-12-02T12:53:59.070Z] Platform:      win32
[debug] [2022-12-02T12:53:59.070Z] Node Version:  v16.18.0
[debug] [2022-12-02T12:53:59.072Z] Time:          Fri Dec 02 2022 18:53:59 GMT+0600 (Bangladesh Standard Time)
[debug] [2022-12-02T12:53:59.072Z] ----------------------------------------------------------------------
[debug] 
[debug] [2022-12-02T12:53:59.195Z] > command requires scopes: ["email","openid","https://www.googleapis.com/auth/cloudplatformprojects.readonly","https://www.googleapis.com/auth/firebase","https://www.googleapis.com/auth/cloud-platform"]
[debug] [2022-12-02T12:53:59.196Z] > authorizing via signed-in user (sifatami596@gmail.com)
[debug] [2022-12-02T12:53:59.197Z] [iam] checking project dental-care-5f1b3 for permissions ["firebase.projects.get","firebasehosting.sites.update"]
[debug] [2022-12-02T12:53:59.201Z] >>> [apiv2][query] POST https://cloudresourcemanager.googleapis.com/v1/projects/dental-care-5f1b3:testIamPermissions [none]
[debug] [2022-12-02T12:53:59.202Z] >>> [apiv2][(partial)header] POST https://cloudresourcemanager.googleapis.com/v1/projects/dental-care-5f1b3:testIamPermissions x-goog-quota-user=projects/dental-care-5f1b3
[debug] [2022-12-02T12:53:59.203Z] >>> [apiv2][body] POST https://cloudresourcemanager.googleapis.com/v1/projects/dental-care-5f1b3:testIamPermissions {"permissions":["firebase.projects.get","firebasehosting.sites.update"]}
[debug] [2022-12-02T12:54:01.673Z] <<< [apiv2][status] POST https://cloudresourcemanager.googleapis.com/v1/projects/dental-care-5f1b3:testIamPermissions 200
[debug] [2022-12-02T12:54:01.673Z] <<< [apiv2][body] POST https://cloudresourcemanager.googleapis.com/v1/projects/dental-care-5f1b3:testIamPermissions {"permissions":["firebase.projects.get","firebasehosting.sites.update"]}
[debug] [2022-12-02T12:54:01.675Z] >>> [apiv2][query] GET https://firebase.googleapis.com/v1beta1/projects/dental-care-5f1b3 [none]
[debug] [2022-12-02T12:54:03.379Z] <<< [apiv2][status] GET https://firebase.googleapis.com/v1beta1/projects/dental-care-5f1b3 200
[debug] [2022-12-02T12:54:03.380Z] <<< [apiv2][body] GET https://firebase.googleapis.com/v1beta1/projects/dental-care-5f1b3 {"projectId":"dental-care-5f1b3","projectNumber":"274365275131","displayName":"dental-care","name":"projects/dental-care-5f1b3","resources":{"hostingSite":"dental-care-5f1b3"},"state":"ACTIVE","etag":"1_f46e74b9-1866-4f79-a37a-eb83e33541ff"}
[info] 
[info] === Deploying to 'dental-care-5f1b3'...
[info] 
[info] i  deploying hosting 
[debug] [2022-12-02T12:54:03.396Z] >>> [apiv2][query] POST https://firebasehosting.googleapis.com/v1beta1/projects/-/sites/dental-care-5f1b3/versions [none]
[debug] [2022-12-02T12:54:03.396Z] >>> [apiv2][body] POST https://firebasehosting.googleapis.com/v1beta1/projects/-/sites/dental-care-5f1b3/versions {"status":"CREATED","labels":{"deployment-tool":"cli-firebase"}}
[debug] [2022-12-02T12:54:04.759Z] <<< [apiv2][status] POST https://firebasehosting.googleapis.com/v1beta1/projects/-/sites/dental-care-5f1b3/versions 200
[debug] [2022-12-02T12:54:04.760Z] <<< [apiv2][body] POST https://firebasehosting.googleapis.com/v1beta1/projects/-/sites/dental-care-5f1b3/versions {"name":"projects/274365275131/sites/dental-care-5f1b3/versions/691bfef43a640046","status":"CREATED","config":{},"labels":{"deployment-tool":"cli-firebase"}}
[info] i  hosting[dental-care-5f1b3]: beginning deploy... 
[info] i  hosting[dental-care-5f1b3]: found 18 files in build 
[debug] [2022-12-02T12:54:04.787Z] [hosting] uploading with 200 concurrency
[debug] [2022-12-02T12:54:05.356Z] [hosting] hash cache [YnVpbGQ] stored for 18 files
[debug] [2022-12-02T12:54:05.356Z] [hosting][hash queue][FINAL] {"max":554,"min":5,"avg":90.83333333333333,"active":0,"complete":18,"success":18,"errored":0,"retried":0,"total":18,"elapsed":565}
[debug] [2022-12-02T12:54:05.357Z] >>> [apiv2][query] POST https://firebasehosting.googleapis.com/v1beta1/projects/274365275131/sites/dental-care-5f1b3/versions/691bfef43a640046:populateFiles [none]
[debug] [2022-12-02T12:54:05.357Z] >>> [apiv2][body] POST https://firebasehosting.googleapis.com/v1beta1/projects/274365275131/sites/dental-care-5f1b3/versions/691bfef43a640046:populateFiles {"files":{"/favicon.ico":"218f58a8e6b832c63954df189fa1d330a28c217b58d85c65ad790bb0a544255e","/logo192.png":"3ee59515172ee198f3be375979df15ac5345183e656720a381b8872b2a39dc8b","/logo512.png":"ee7e2f3fdb8209c4b6fd7bef6ba50d1b9dba30a25bb5c3126df057e1cb6f5331","/manifest.json":"aff3449bdc238776f5d6d967f19ec491b36aed5fb7f23ccff6500736fd58494a","/robots.txt":"bfe106a3fb878dc83461c86818bf74fc1bdc7f28538ba613cd3e775516ce8b49","/asset-manifest.json":"a2fa84cfa6fdf6ca8e3661406693e5ca257e6fbbbf077fe8b174f313e30058ca","/index.html":"e6781ca7f87e6b12dc30a4601adc8b5b6d888a42024a1f0ec7a32aadb8b7f541","/static/js/main.db2cc2ef.js.LICENSE.txt":"dc5016d29d45e826ece3d0acae9cce0be7562d2a273dd92025dcc349f37858a0","/static/css/main.cdd37445.css":"1868da6816a49bcc3832362fc8ff7c9c83ea45366d87fbb51c9e5f7b8bf56a6a","/static/media/logo1.e262999ade035e190136.png":"ca2926bdd39b3cf5b022c8f7a922ebdb558d37f4151d82a9dd00d725d2ca092f","/static/media/logo2.dc86a2851b35396cc7fd.png":"b0807eaea3d5171e12e93ada5f3f4c084bf2f4f82c6c603386ea8a1982b8a08a","/static/js/main.db2cc2ef.js":"fcd4402640f825b4b47de4c056800a88e705353279eb651783ba6890acd1a571","/static/media/slider2.07bb34aec41044517f01.jpg":"2d302c5edf1aa8229c057bc97be54797f53469c4424e6967e961f8c8285cc2a0","/static/media/slider3.d11c308ec771f8abe78b.jpg":"7b563acd4df10239db363b37960d110cd047f592fd323ef9e571c4470cf8638f","/static/css/main.cdd37445.css.map":"c01540ceb60d645cae92ac1b27884f523a84bed6561cfbb234689814cf2c30e2","/static/media/logo4.a297493de6e5d8a37159.png":"c9c345fde226978eb5b1ab6e46c24a36fca1548552364e5ad076dde30c1f5aa4","/static/media/slider1.6e9810e7dbad3886f606.png":"bdf2d87e439cc945734cfea67f06df50994a4ed4528ef98dd227c1803925a35a","/static/js/main.db2cc2ef.js.map":"5cee292b2cd844e6c3007eff3e1f83f658a444e7b89c2c4de69fee4c3b6bdabe"}}
[debug] [2022-12-02T12:54:06.520Z] <<< [apiv2][status] POST https://firebasehosting.googleapis.com/v1beta1/projects/274365275131/sites/dental-care-5f1b3/versions/691bfef43a640046:populateFiles 200
[debug] [2022-12-02T12:54:06.521Z] <<< [apiv2][body] POST https://firebasehosting.googleapis.com/v1beta1/projects/274365275131/sites/dental-care-5f1b3/versions/691bfef43a640046:populateFiles {"uploadRequiredHashes":["5cee292b2cd844e6c3007eff3e1f83f658a444e7b89c2c4de69fee4c3b6bdabe","a2fa84cfa6fdf6ca8e3661406693e5ca257e6fbbbf077fe8b174f313e30058ca","e6781ca7f87e6b12dc30a4601adc8b5b6d888a42024a1f0ec7a32aadb8b7f541","fcd4402640f825b4b47de4c056800a88e705353279eb651783ba6890acd1a571"],"uploadUrl":"https://upload-firebasehosting.googleapis.com/upload/sites/dental-care-5f1b3/versions/691bfef43a640046/files"}
[debug] [2022-12-02T12:54:06.522Z] >>> [apiv2][query] POST https://upload-firebasehosting.googleapis.com/upload/sites/dental-care-5f1b3/versions/691bfef43a640046/files/5cee292b2cd844e6c3007eff3e1f83f658a444e7b89c2c4de69fee4c3b6bdabe [none]
[debug] [2022-12-02T12:54:06.523Z] >>> [apiv2][body] POST https://upload-firebasehosting.googleapis.com/upload/sites/dental-care-5f1b3/versions/691bfef43a640046/files/5cee292b2cd844e6c3007eff3e1f83f658a444e7b89c2c4de69fee4c3b6bdabe [stream]
[debug] [2022-12-02T12:54:06.524Z] >>> [apiv2][query] POST https://upload-firebasehosting.googleapis.com/upload/sites/dental-care-5f1b3/versions/691bfef43a640046/files/a2fa84cfa6fdf6ca8e3661406693e5ca257e6fbbbf077fe8b174f313e30058ca [none]
[debug] [2022-12-02T12:54:06.525Z] >>> [apiv2][body] POST https://upload-firebasehosting.googleapis.com/upload/sites/dental-care-5f1b3/versions/691bfef43a640046/files/a2fa84cfa6fdf6ca8e3661406693e5ca257e6fbbbf077fe8b174f313e30058ca [stream]
[debug] [2022-12-02T12:54:06.526Z] >>> [apiv2][query] POST https://upload-firebasehosting.googleapis.com/upload/sites/dental-care-5f1b3/versions/691bfef43a640046/files/e6781ca7f87e6b12dc30a4601adc8b5b6d888a42024a1f0ec7a32aadb8b7f541 [none]
[debug] [2022-12-02T12:54:06.526Z] >>> [apiv2][body] POST https://upload-firebasehosting.googleapis.com/upload/sites/dental-care-5f1b3/versions/691bfef43a640046/files/e6781ca7f87e6b12dc30a4601adc8b5b6d888a42024a1f0ec7a32aadb8b7f541 [stream]
[debug] [2022-12-02T12:54:06.528Z] >>> [apiv2][query] POST https://upload-firebasehosting.googleapis.com/upload/sites/dental-care-5f1b3/versions/691bfef43a640046/files/fcd4402640f825b4b47de4c056800a88e705353279eb651783ba6890acd1a571 [none]
[debug] [2022-12-02T12:54:06.528Z] >>> [apiv2][body] POST https://upload-firebasehosting.googleapis.com/upload/sites/dental-care-5f1b3/versions/691bfef43a640046/files/fcd4402640f825b4b47de4c056800a88e705353279eb651783ba6890acd1a571 [stream]
[debug] [2022-12-02T12:54:06.530Z] [hosting][populate queue][FINAL] {"max":1167,"min":1167,"avg":1167,"active":0,"complete":1,"success":1,"errored":0,"retried":0,"total":1,"elapsed":1175}
[debug] [2022-12-02T12:54:06.530Z] [hosting] uploads queued: 4
[debug] [2022-12-02T12:54:09.799Z] <<< [apiv2][status] POST https://upload-firebasehosting.googleapis.com/upload/sites/dental-care-5f1b3/versions/691bfef43a640046/files/e6781ca7f87e6b12dc30a4601adc8b5b6d888a42024a1f0ec7a32aadb8b7f541 200
[debug] [2022-12-02T12:54:09.799Z] <<< [apiv2][body] POST https://upload-firebasehosting.googleapis.com/upload/sites/dental-care-5f1b3/versions/691bfef43a640046/files/e6781ca7f87e6b12dc30a4601adc8b5b6d888a42024a1f0ec7a32aadb8b7f541 [stream]
[debug] [2022-12-02T12:54:11.555Z] <<< [apiv2][status] POST https://upload-firebasehosting.googleapis.com/upload/sites/dental-care-5f1b3/versions/691bfef43a640046/files/a2fa84cfa6fdf6ca8e3661406693e5ca257e6fbbbf077fe8b174f313e30058ca 200
[debug] [2022-12-02T12:54:11.557Z] <<< [apiv2][body] POST https://upload-firebasehosting.googleapis.com/upload/sites/dental-care-5f1b3/versions/691bfef43a640046/files/a2fa84cfa6fdf6ca8e3661406693e5ca257e6fbbbf077fe8b174f313e30058ca [stream]
[debug] [2022-12-02T12:54:14.963Z] <<< [apiv2][status] POST https://upload-firebasehosting.googleapis.com/upload/sites/dental-care-5f1b3/versions/691bfef43a640046/files/fcd4402640f825b4b47de4c056800a88e705353279eb651783ba6890acd1a571 200
[debug] [2022-12-02T12:54:14.964Z] <<< [apiv2][body] POST https://upload-firebasehosting.googleapis.com/upload/sites/dental-care-5f1b3/versions/691bfef43a640046/files/fcd4402640f825b4b47de4c056800a88e705353279eb651783ba6890acd1a571 [stream]
[debug] [2022-12-02T12:55:11.424Z] [uploadQueue] Retrying task 5cee292b2cd844e6c3007eff3e1f83f658a444e7b89c2c4de69fee4c3b6bdabe
[debug] [2022-12-02T12:55:11.426Z] >>> [apiv2][query] POST https://upload-firebasehosting.googleapis.com/upload/sites/dental-care-5f1b3/versions/691bfef43a640046/files/5cee292b2cd844e6c3007eff3e1f83f658a444e7b89c2c4de69fee4c3b6bdabe [none]
[debug] [2022-12-02T12:55:11.426Z] >>> [apiv2][body] POST https://upload-firebasehosting.googleapis.com/upload/sites/dental-care-5f1b3/versions/691bfef43a640046/files/5cee292b2cd844e6c3007eff3e1f83f658a444e7b89c2c4de69fee4c3b6bdabe [stream]
[debug] [2022-12-02T12:56:16.726Z] [uploadQueue] Retrying task 5cee292b2cd844e6c3007eff3e1f83f658a444e7b89c2c4de69fee4c3b6bdabe
[debug] [2022-12-02T12:56:16.727Z] >>> [apiv2][query] POST https://upload-firebasehosting.googleapis.com/upload/sites/dental-care-5f1b3/versions/691bfef43a640046/files/5cee292b2cd844e6c3007eff3e1f83f658a444e7b89c2c4de69fee4c3b6bdabe [none]
[debug] [2022-12-02T12:56:16.728Z] >>> [apiv2][body] POST https://upload-firebasehosting.googleapis.com/upload/sites/dental-care-5f1b3/versions/691bfef43a640046/files/5cee292b2cd844e6c3007eff3e1f83f658a444e7b89c2c4de69fee4c3b6bdabe [stream]
[debug] [2022-12-02T12:57:22.829Z] [uploadQueue] Retrying task 5cee292b2cd844e6c3007eff3e1f83f658a444e7b89c2c4de69fee4c3b6bdabe
[debug] [2022-12-02T12:57:22.830Z] >>> [apiv2][query] POST https://upload-firebasehosting.googleapis.com/upload/sites/dental-care-5f1b3/versions/691bfef43a640046/files/5cee292b2cd844e6c3007eff3e1f83f658a444e7b89c2c4de69fee4c3b6bdabe [none]
[debug] [2022-12-02T12:57:22.831Z] >>> [apiv2][body] POST https://upload-firebasehosting.googleapis.com/upload/sites/dental-care-5f1b3/versions/691bfef43a640046/files/5cee292b2cd844e6c3007eff3e1f83f658a444e7b89c2c4de69fee4c3b6bdabe [stream]
